ERROR - 2023-10-01 01:13:59 --> Error connecting to the database: mysqli_sql_exception: No connection could be made because the target machine actively refused it in C:\laragon\www\final\system\Database\MySQLi\Connection.php:185
Stack trace:
#0 C:\laragon\www\final\system\Database\MySQLi\Connection.php(185): mysqli->real_connect('localhost', 'root', '', 'coffee shop', 3306, '', 0)
#1 C:\laragon\www\final\system\Database\BaseConnection.php(391): CodeIgniter\Database\MySQLi\Connection->connect(false)
#2 C:\laragon\www\final\system\Database\BaseConnection.php(574): CodeIgniter\Database\BaseConnection->initialize()
#3 C:\laragon\www\final\system\Database\BaseBuilder.php(1615): CodeIgniter\Database\BaseConnection->query('SELECT *\nFROM `...', Array, false)
#4 C:\laragon\www\final\system\Model.php(237): CodeIgniter\Database\BaseBuilder->get()
#5 C:\laragon\www\final\system\BaseModel.php(624): CodeIgniter\Model->doFindAll(0, 0)
#6 C:\laragon\www\final\app\Controllers\ProductController.php(27): CodeIgniter\BaseModel->findAll()
#7 C:\laragon\www\final\system\CodeIgniter.php(919): App\Controllers\ProductController->viewAll()
#8 C:\laragon\www\final\system\CodeIgniter.php(494): CodeIgniter\CodeIgniter->runController(Object(App\Controllers\ProductController))
#9 C:\laragon\www\final\system\CodeIgniter.php(353): CodeIgniter\CodeIgniter->handleRequest(NULL, Object(Config\Cache), false)
#10 C:\laragon\www\final\public\index.php(79): CodeIgniter\CodeIgniter->run()
#11 C:\laragon\www\final\system\Commands\Server\rewrite.php(47): require_once('C:\\laragon\\www\\...')
#12 {main}

Next CodeIgniter\Database\Exceptions\DatabaseException: No connection could be made because the target machine actively refused it in C:\laragon\www\final\system\Database\MySQLi\Connection.php:229
Stack trace:
#0 C:\laragon\www\final\system\Database\BaseConnection.php(391): CodeIgniter\Database\MySQLi\Connection->connect(false)
#1 C:\laragon\www\final\system\Database\BaseConnection.php(574): CodeIgniter\Database\BaseConnection->initialize()
#2 C:\laragon\www\final\system\Database\BaseBuilder.php(1615): CodeIgniter\Database\BaseConnection->query('SELECT *\nFROM `...', Array, false)
#3 C:\laragon\www\final\system\Model.php(237): CodeIgniter\Database\BaseBuilder->get()
#4 C:\laragon\www\final\system\BaseModel.php(624): CodeIgniter\Model->doFindAll(0, 0)
#5 C:\laragon\www\final\app\Controllers\ProductController.php(27): CodeIgniter\BaseModel->findAll()
#6 C:\laragon\www\final\system\CodeIgniter.php(919): App\Controllers\ProductController->viewAll()
#7 C:\laragon\www\final\system\CodeIgniter.php(494): CodeIgniter\CodeIgniter->runController(Object(App\Controllers\ProductController))
#8 C:\laragon\www\final\system\CodeIgniter.php(353): CodeIgniter\CodeIgniter->handleRequest(NULL, Object(Config\Cache), false)
#9 C:\laragon\www\final\public\index.php(79): CodeIgniter\CodeIgniter->run()
#10 C:\laragon\www\final\system\Commands\Server\rewrite.php(47): require_once('C:\\laragon\\www\\...')
#11 {main}
CRITICAL - 2023-10-01 01:13:59 --> Unable to connect to the database.
Main connection [MySQLi]: No connection could be made because the target machine actively refused it
in SYSTEMPATH\Database\BaseConnection.php on line 427.
 1 SYSTEMPATH\Database\BaseConnection.php(574): CodeIgniter\Database\BaseConnection->initialize()
 2 SYSTEMPATH\Database\BaseBuilder.php(1615): CodeIgniter\Database\BaseConnection->query('SELECT *
FROM `crud`', [], false)
 3 SYSTEMPATH\Model.php(237): CodeIgniter\Database\BaseBuilder->get()
 4 SYSTEMPATH\BaseModel.php(624): CodeIgniter\Model->doFindAll(0, 0)
 5 APPPATH\Controllers\ProductController.php(27): CodeIgniter\BaseModel->findAll()
 6 SYSTEMPATH\CodeIgniter.php(919): App\Controllers\ProductController->viewAll()
 7 SYSTEMPATH\CodeIgniter.php(494): CodeIgniter\CodeIgniter->runController(Object(App\Controllers\ProductController))
 8 SYSTEMPATH\CodeIgniter.php(353): CodeIgniter\CodeIgniter->handleRequest(null, Object(Config\Cache), false)
 9 FCPATH\index.php(79): CodeIgniter\CodeIgniter->run()
10 SYSTEMPATH\Commands\Server\rewrite.php(47): require_once('C:\\laragon\\www\\final\\public\\index.php')
CRITICAL - 2023-10-01 01:41:17 --> Undefined variable $includeFolder
in APPPATH\Views\gallery.php on line 23.
 1 APPPATH\Views\gallery.php(23): CodeIgniter\Debug\Exceptions->errorHandler(2, 'Undefined variable $includeFolder', 'C:\\laragon\\www\\final\\app\\Views\\gallery.php', 23)
 2 APPPATH\Views\product.php(93): include('C:\\laragon\\www\\final\\app\\Views\\gallery.php')
 3 SYSTEMPATH\View\View.php(226): include('C:\\laragon\\www\\final\\app\\Views\\product.php')
 4 SYSTEMPATH\View\View.php(229): CodeIgniter\View\View->CodeIgniter\View\{closure}()
 5 SYSTEMPATH\Common.php(1188): CodeIgniter\View\View->render('product', [], true)
 6 APPPATH\Controllers\ProductController.php(29): view('product', [...])
 7 SYSTEMPATH\CodeIgniter.php(919): App\Controllers\ProductController->viewAll()
 8 SYSTEMPATH\CodeIgniter.php(494): CodeIgniter\CodeIgniter->runController(Object(App\Controllers\ProductController))
 9 SYSTEMPATH\CodeIgniter.php(353): CodeIgniter\CodeIgniter->handleRequest(null, Object(Config\Cache), false)
10 FCPATH\index.php(79): CodeIgniter\CodeIgniter->run()
11 SYSTEMPATH\Commands\Server\rewrite.php(47): require_once('C:\\laragon\\www\\final\\public\\index.php')
CRITICAL - 2023-10-01 02:20:30 --> Undefined variable $include
in APPPATH\Controllers\ProductController.php on line 28.
 1 APPPATH\Controllers\ProductController.php(28): CodeIgniter\Debug\Exceptions->errorHandler(2, 'Undefined variable $include', 'C:\\laragon\\www\\final\\app\\Controllers\\ProductController.php', 28)
 2 SYSTEMPATH\CodeIgniter.php(919): App\Controllers\ProductController->viewAll()
 3 SYSTEMPATH\CodeIgniter.php(494): CodeIgniter\CodeIgniter->runController(Object(App\Controllers\ProductController))
 4 SYSTEMPATH\CodeIgniter.php(353): CodeIgniter\CodeIgniter->handleRequest(null, Object(Config\Cache), false)
 5 FCPATH\index.php(79): CodeIgniter\CodeIgniter->run()
 6 SYSTEMPATH\Commands\Server\rewrite.php(47): require_once('C:\\laragon\\www\\final\\public\\index.php')
CRITICAL - 2023-10-01 02:20:49 --> Undefined property: App\Controllers\ProductController::$website
in APPPATH\Controllers\ProductController.php on line 28.
 1 APPPATH\Controllers\ProductController.php(28): CodeIgniter\Debug\Exceptions->errorHandler(2, 'Undefined property: App\\Controllers\\ProductController::$website', 'C:\\laragon\\www\\final\\app\\Controllers\\ProductController.php', 28)
 2 SYSTEMPATH\CodeIgniter.php(919): App\Controllers\ProductController->viewAll()
 3 SYSTEMPATH\CodeIgniter.php(494): CodeIgniter\CodeIgniter->runController(Object(App\Controllers\ProductController))
 4 SYSTEMPATH\CodeIgniter.php(353): CodeIgniter\CodeIgniter->handleRequest(null, Object(Config\Cache), false)
 5 FCPATH\index.php(79): CodeIgniter\CodeIgniter->run()
 6 SYSTEMPATH\Commands\Server\rewrite.php(47): require_once('C:\\laragon\\www\\final\\public\\index.php')
CRITICAL - 2023-10-01 02:57:56 --> Undefined property: App\Controllers\ProductController::$website
in APPPATH\Controllers\ProductController.php on line 27.
 1 APPPATH\Controllers\ProductController.php(27): CodeIgniter\Debug\Exceptions->errorHandler(2, 'Undefined property: App\\Controllers\\ProductController::$website', 'C:\\laragon\\www\\final\\app\\Controllers\\ProductController.php', 27)
 2 SYSTEMPATH\CodeIgniter.php(919): App\Controllers\ProductController->viewAll()
 3 SYSTEMPATH\CodeIgniter.php(494): CodeIgniter\CodeIgniter->runController(Object(App\Controllers\ProductController))
 4 SYSTEMPATH\CodeIgniter.php(353): CodeIgniter\CodeIgniter->handleRequest(null, Object(Config\Cache), false)
 5 FCPATH\index.php(79): CodeIgniter\CodeIgniter->run()
 6 SYSTEMPATH\Commands\Server\rewrite.php(47): require_once('C:\\laragon\\www\\final\\public\\index.php')
CRITICAL - 2023-10-01 03:12:29 --> Invalid file: "include/website.php"
in SYSTEMPATH\Exceptions\FrameworkException.php on line 39.
 1 SYSTEMPATH\View\View.php(214): CodeIgniter\Exceptions\FrameworkException::forInvalidFile('include/website.php')
 2 SYSTEMPATH\Common.php(1188): CodeIgniter\View\View->render('include/website', [], true)
 3 APPPATH\Controllers\ProductController.php(32): view('include/website')
 4 SYSTEMPATH\CodeIgniter.php(919): App\Controllers\ProductController->website()
 5 SYSTEMPATH\CodeIgniter.php(494): CodeIgniter\CodeIgniter->runController(Object(App\Controllers\ProductController))
 6 SYSTEMPATH\CodeIgniter.php(353): CodeIgniter\CodeIgniter->handleRequest(null, Object(Config\Cache), false)
 7 FCPATH\index.php(79): CodeIgniter\CodeIgniter->run()
 8 SYSTEMPATH\Commands\Server\rewrite.php(47): require_once('C:\\laragon\\www\\final\\public\\index.php')
CRITICAL - 2023-10-01 03:15:13 --> Invalid file: "include/website.php"
in SYSTEMPATH\Exceptions\FrameworkException.php on line 39.
 1 SYSTEMPATH\View\View.php(214): CodeIgniter\Exceptions\FrameworkException::forInvalidFile('include/website.php')
 2 SYSTEMPATH\Common.php(1188): CodeIgniter\View\View->render('include/website', [], true)
 3 APPPATH\Controllers\ProductController.php(36): view('include/website')
 4 SYSTEMPATH\CodeIgniter.php(919): App\Controllers\ProductController->website()
 5 SYSTEMPATH\CodeIgniter.php(494): CodeIgniter\CodeIgniter->runController(Object(App\Controllers\ProductController))
 6 SYSTEMPATH\CodeIgniter.php(353): CodeIgniter\CodeIgniter->handleRequest(null, Object(Config\Cache), false)
 7 FCPATH\index.php(79): CodeIgniter\CodeIgniter->run()
 8 SYSTEMPATH\Commands\Server\rewrite.php(47): require_once('C:\\laragon\\www\\final\\public\\index.php')
CRITICAL - 2023-10-01 03:15:25 --> include(C:\laragon\www\final\app\Views/include/about/banner/contact/end/footer/gallery/header/section/service/topabout.php): Failed to open stream: No such file or directory
in APPPATH\Views\website.php on line 26.
 1 APPPATH\Views\website.php(26): CodeIgniter\Debug\Exceptions->errorHandler(2, 'include(C:\\laragon\\www\\final\\app\\Views/include/about/banner/contact/end/footer/gallery/header/section/service/topabout.php): Failed to open stream: No such file or directory', 'C:\\laragon\\www\\final\\app\\Views\\website.php', 26)
 2 APPPATH\Views\website.php(26): include()
 3 SYSTEMPATH\View\View.php(226): include('C:\\laragon\\www\\final\\app\\Views\\website.php')
 4 SYSTEMPATH\View\View.php(229): CodeIgniter\View\View->CodeIgniter\View\{closure}()
 5 SYSTEMPATH\Common.php(1188): CodeIgniter\View\View->render('/website', [], true)
 6 APPPATH\Controllers\ProductController.php(36): view('/website')
 7 SYSTEMPATH\CodeIgniter.php(919): App\Controllers\ProductController->website()
 8 SYSTEMPATH\CodeIgniter.php(494): CodeIgniter\CodeIgniter->runController(Object(App\Controllers\ProductController))
 9 SYSTEMPATH\CodeIgniter.php(353): CodeIgniter\CodeIgniter->handleRequest(null, Object(Config\Cache), false)
10 FCPATH\index.php(79): CodeIgniter\CodeIgniter->run()
11 SYSTEMPATH\Commands\Server\rewrite.php(47): require_once('C:\\laragon\\www\\final\\public\\index.php')
CRITICAL - 2023-10-01 03:15:30 --> include(C:\laragon\www\final\app\Views/include/about/banner/contact/end/footer/gallery/header/section/service/topabout.php): Failed to open stream: No such file or directory
in APPPATH\Views\website.php on line 26.
 1 APPPATH\Views\website.php(26): CodeIgniter\Debug\Exceptions->errorHandler(2, 'include(C:\\laragon\\www\\final\\app\\Views/include/about/banner/contact/end/footer/gallery/header/section/service/topabout.php): Failed to open stream: No such file or directory', 'C:\\laragon\\www\\final\\app\\Views\\website.php', 26)
 2 APPPATH\Views\website.php(26): include()
 3 SYSTEMPATH\View\View.php(226): include('C:\\laragon\\www\\final\\app\\Views\\website.php')
 4 SYSTEMPATH\View\View.php(229): CodeIgniter\View\View->CodeIgniter\View\{closure}()
 5 SYSTEMPATH\Common.php(1188): CodeIgniter\View\View->render('/website', [], true)
 6 APPPATH\Controllers\ProductController.php(36): view('/website')
 7 SYSTEMPATH\CodeIgniter.php(919): App\Controllers\ProductController->website()
 8 SYSTEMPATH\CodeIgniter.php(494): CodeIgniter\CodeIgniter->runController(Object(App\Controllers\ProductController))
 9 SYSTEMPATH\CodeIgniter.php(353): CodeIgniter\CodeIgniter->handleRequest(null, Object(Config\Cache), false)
10 FCPATH\index.php(79): CodeIgniter\CodeIgniter->run()
11 SYSTEMPATH\Commands\Server\rewrite.php(47): require_once('C:\\laragon\\www\\final\\public\\index.php')
CRITICAL - 2023-10-01 03:17:08 --> Invalid file: "/website.php"
in SYSTEMPATH\Exceptions\FrameworkException.php on line 39.
 1 SYSTEMPATH\View\View.php(214): CodeIgniter\Exceptions\FrameworkException::forInvalidFile('/website.php')
 2 SYSTEMPATH\Common.php(1188): CodeIgniter\View\View->render('/website', [], true)
 3 APPPATH\Controllers\ProductController.php(36): view('/website')
 4 SYSTEMPATH\CodeIgniter.php(919): App\Controllers\ProductController->website()
 5 SYSTEMPATH\CodeIgniter.php(494): CodeIgniter\CodeIgniter->runController(Object(App\Controllers\ProductController))
 6 SYSTEMPATH\CodeIgniter.php(353): CodeIgniter\CodeIgniter->handleRequest(null, Object(Config\Cache), false)
 7 FCPATH\index.php(79): CodeIgniter\CodeIgniter->run()
 8 SYSTEMPATH\Commands\Server\rewrite.php(47): require_once('C:\\laragon\\www\\final\\public\\index.php')
CRITICAL - 2023-10-01 03:28:44 --> Invalid file: "edit_modal.php"
in SYSTEMPATH\Exceptions\FrameworkException.php on line 39.
 1 SYSTEMPATH\View\View.php(214): CodeIgniter\Exceptions\FrameworkException::forInvalidFile('edit_modal.php')
 2 SYSTEMPATH\Common.php(1188): CodeIgniter\View\View->render('edit_modal', [], true)
 3 APPPATH\Controllers\ProductController.php(58): view('edit_modal', [...])
 4 SYSTEMPATH\CodeIgniter.php(919): App\Controllers\ProductController->editForm('12')
 5 SYSTEMPATH\CodeIgniter.php(494): CodeIgniter\CodeIgniter->runController(Object(App\Controllers\ProductController))
 6 SYSTEMPATH\CodeIgniter.php(353): CodeIgniter\CodeIgniter->handleRequest(null, Object(Config\Cache), false)
 7 FCPATH\index.php(79): CodeIgniter\CodeIgniter->run()
 8 SYSTEMPATH\Commands\Server\rewrite.php(47): require_once('C:\\laragon\\www\\final\\public\\index.php')
CRITICAL - 2023-10-01 03:30:51 --> Cannot access offset of type string on string
in APPPATH\Views\product.php on line 89.
 1 SYSTEMPATH\View\View.php(226): include()
 2 SYSTEMPATH\View\View.php(229): CodeIgniter\View\View->CodeIgniter\View\{closure}()
 3 SYSTEMPATH\Common.php(1188): CodeIgniter\View\View->render('product', [], true)
 4 APPPATH\Controllers\ProductController.php(58): view('product', [...])
 5 SYSTEMPATH\CodeIgniter.php(919): App\Controllers\ProductController->editForm('12')
 6 SYSTEMPATH\CodeIgniter.php(494): CodeIgniter\CodeIgniter->runController(Object(App\Controllers\ProductController))
 7 SYSTEMPATH\CodeIgniter.php(353): CodeIgniter\CodeIgniter->handleRequest(null, Object(Config\Cache), false)
 8 FCPATH\index.php(79): CodeIgniter\CodeIgniter->run()
 9 SYSTEMPATH\Commands\Server\rewrite.php(47): require_once('C:\\laragon\\www\\final\\public\\index.php')
CRITICAL - 2023-10-01 03:41:02 --> Invalid file: "include/website.php"
in SYSTEMPATH\Exceptions\FrameworkException.php on line 39.
 1 SYSTEMPATH\View\View.php(214): CodeIgniter\Exceptions\FrameworkException::forInvalidFile('include/website.php')
 2 SYSTEMPATH\Common.php(1188): CodeIgniter\View\View->render('include/website', [], true)
 3 APPPATH\Controllers\ProductController.php(36): view('include/website')
 4 SYSTEMPATH\CodeIgniter.php(919): App\Controllers\ProductController->website()
 5 SYSTEMPATH\CodeIgniter.php(494): CodeIgniter\CodeIgniter->runController(Object(App\Controllers\ProductController))
 6 SYSTEMPATH\CodeIgniter.php(353): CodeIgniter\CodeIgniter->handleRequest(null, Object(Config\Cache), false)
 7 FCPATH\index.php(79): CodeIgniter\CodeIgniter->run()
 8 SYSTEMPATH\Commands\Server\rewrite.php(47): require_once('C:\\laragon\\www\\final\\public\\index.php')
